[ 2017-06-19T19:17:14+08:00 ] 127.0.0.1 /
INFO: [ app_init ] --START--
INFO: Run Behavior\BuildLiteBehavior [ RunTime:0.000021s ]
INFO: [ app_init ] --END-- [ RunTime:0.001226s ]
INFO: [ app_begin ] --START--
INFO: Run Behavior\ReadHtmlCacheBehavior [ RunTime:0.000821s ]
INFO: [ app_begin ] --END-- [ RunTime:0.000891s ]
NOTIC: [2] session_start() [<a href='function.session-start'>function.session-start</a>]: open(/tmp\sess_f64vr0tnoukk2toco7nuqopue5, O_RDWR) failed: No such file or directory (2) D:\itcast\ThinkPHP\ThinkPHP\Common\functions.php Á¨¨ 1263 Ë°å.
INFO: [ app_end ] --START--
INFO: Run Behavior\ShowPageTraceBehavior [ RunTime:0.000789s ]
INFO: [ app_end ] --END-- [ RunTime:0.000864s ]

[ 2017-06-19T19:18:26+08:00 ] 127.0.0.1 /index.php/Home/Pc/index
INFO: [ app_init ] --START--
INFO: Run Behavior\BuildLiteBehavior [ RunTime:0.000014s ]
INFO: [ app_init ] --END-- [ RunTime:0.000342s ]
INFO: [ app_begin ] --START--
INFO: Run Behavior\ReadHtmlCacheBehavior [ RunTime:0.000501s ]
INFO: [ app_begin ] --END-- [ RunTime:0.000555s ]
NOTIC: [2] session_start() [<a href='function.session-start'>function.session-start</a>]: open(/tmp\sess_f64vr0tnoukk2toco7nuqopue5, O_RDWR) failed: No such file or directory (2) D:\itcast\ThinkPHP\ThinkPHP\Common\functions.php Á¨¨ 1263 Ë°å.
INFO: [ app_end ] --START--
INFO: Run Behavior\ShowPageTraceBehavior [ RunTime:0.001788s ]
INFO: [ app_end ] --END-- [ RunTime:0.001920s ]

[ 2017-06-19T21:53:34+08:00 ] 127.0.0.1 /
INFO: [ app_init ] --START--
INFO: Run Behavior\BuildLiteBehavior [ RunTime:0.000020s ]
INFO: [ app_init ] --END-- [ RunTime:0.001128s ]
INFO: [ app_begin ] --START--
INFO: Run Behavior\ReadHtmlCacheBehavior [ RunTime:0.000809s ]
INFO: [ app_begin ] --END-- [ RunTime:0.000878s ]
NOTIC: [2] session_start() [<a href='function.session-start'>function.session-start</a>]: open(/tmp\sess_68gnmgmscu67r593cpgbfqerq7, O_RDWR) failed: No such file or directory (2) D:\itcast\ThinkPHP\ThinkPHP\Common\functions.php Á¨¨ 1263 Ë°å.
INFO: [ app_end ] --START--
INFO: Run Behavior\ShowPageTraceBehavior [ RunTime:0.000795s ]
INFO: [ app_end ] --END-- [ RunTime:0.000863s ]

[ 2017-06-19T21:53:40+08:00 ] 127.0.0.1 /index.php
INFO: [ app_init ] --START--
INFO: Run Behavior\BuildLiteBehavior [ RunTime:0.000018s ]
INFO: [ app_init ] --END-- [ RunTime:0.000621s ]
INFO: [ app_begin ] --START--
INFO: Run Behavior\ReadHtmlCacheBehavior [ RunTime:0.000607s ]
INFO: [ app_begin ] --END-- [ RunTime:0.000708s ]
NOTIC: [2] session_start() [<a href='function.session-start'>function.session-start</a>]: open(/tmp\sess_68gnmgmscu67r593cpgbfqerq7, O_RDWR) failed: No such file or directory (2) D:\itcast\ThinkPHP\ThinkPHP\Common\functions.php Á¨¨ 1263 Ë°å.
INFO: [ app_end ] --START--
INFO: Run Behavior\ShowPageTraceBehavior [ RunTime:0.000469s ]
INFO: [ app_end ] --END-- [ RunTime:0.000550s ]

[ 2017-06-19T21:54:03+08:00 ] 127.0.0.1 /index.php/Home/User/getJobInfo
INFO: [ app_init ] --START--
INFO: Run Behavior\BuildLiteBehavior [ RunTime:0.000025s ]
INFO: [ app_init ] --END-- [ RunTime:0.000540s ]
INFO: [ app_begin ] --START--
INFO: Run Behavior\ReadHtmlCacheBehavior [ RunTime:0.000425s ]
INFO: [ app_begin ] --END-- [ RunTime:0.000483s ]
NOTIC: [2] session_start() [<a href='function.session-start'>function.session-start</a>]: open(/tmp\sess_68gnmgmscu67r593cpgbfqerq7, O_RDWR) failed: No such file or directory (2) D:\itcast\ThinkPHP\ThinkPHP\Common\functions.php Á¨¨ 1263 Ë°å.
SQL: SHOW COLUMNS FROM `zhilian` [ RunTime:0.0032s ]
SQL: SELECT `id`,`companyName`,`salary` FROM `zhilian` WHERE ( id = 100 )  [ RunTime:0.0004s ]
INFO: [ app_end ] --START--
INFO: Run Behavior\ShowPageTraceBehavior [ RunTime:0.000527s ]
INFO: [ app_end ] --END-- [ RunTime:0.000590s ]

[ 2017-06-19T21:54:52+08:00 ] 127.0.0.1 /index.php/Home/User/register
INFO: [ app_init ] --START--
INFO: Run Behavior\BuildLiteBehavior [ RunTime:0.000019s ]
INFO: [ app_init ] --END-- [ RunTime:0.000440s ]
INFO: [ app_begin ] --START--
INFO: Run Behavior\ReadHtmlCacheBehavior [ RunTime:0.000635s ]
INFO: [ app_begin ] --END-- [ RunTime:0.000709s ]
NOTIC: [2] session_start() [<a href='function.session-start'>function.session-start</a>]: open(/tmp\sess_68gnmgmscu67r593cpgbfqerq7, O_RDWR) failed: No such file or directory (2) D:\itcast\ThinkPHP\ThinkPHP\Common\functions.php Á¨¨ 1263 Ë°å.
INFO: [ view_parse ] --START--
INFO: [ template_filter ] --START--
INFO: Run Behavior\ContentReplaceBehavior [ RunTime:0.000061s ]
INFO: [ template_filter ] --END-- [ RunTime:0.000141s ]
INFO: Run Behavior\ParseTemplateBehavior [ RunTime:0.030065s ]
INFO: [ view_parse ] --END-- [ RunTime:0.030160s ]
INFO: [ view_filter ] --START--
INFO: Run Behavior\WriteHtmlCacheBehavior [ RunTime:0.009599s ]
INFO: [ view_filter ] --END-- [ RunTime:0.009663s ]
INFO: [ app_end ] --START--
INFO: Run Behavior\ShowPageTraceBehavior [ RunTime:0.000565s ]
INFO: [ app_end ] --END-- [ RunTime:0.000618s ]

[ 2017-06-19T21:57:16+08:00 ] 127.0.0.1 /index.php/Home/User/register.html
INFO: [ app_init ] --START--
INFO: Run Behavior\BuildLiteBehavior [ RunTime:0.000013s ]
INFO: [ app_init ] --END-- [ RunTime:0.000308s ]
INFO: [ app_begin ] --START--
INFO: Run Behavior\ReadHtmlCacheBehavior [ RunTime:0.000694s ]
INFO: [ app_begin ] --END-- [ RunTime:0.000762s ]
NOTIC: [2] session_start() [<a href='function.session-start'>function.session-start</a>]: open(/tmp\sess_68gnmgmscu67r593cpgbfqerq7, O_RDWR) failed: No such file or directory (2) D:\itcast\ThinkPHP\ThinkPHP\Common\functions.php Á¨¨ 1263 Ë°å.
ERR: 1146:Table 'quanzhan1.user' doesn't exist
 [ SQLËØ≠Âè• ] : SHOW COLUMNS FROM `user`
ERR: 1146:Table 'quanzhan1.user' doesn't exist
 [ SQLËØ≠Âè• ] : SHOW COLUMNS FROM `user`

[ 2017-06-19T22:07:00+08:00 ] 127.0.0.1 /index.php/Home/Pc/getIndex
INFO: [ app_init ] --START--
INFO: Run Behavior\BuildLiteBehavior [ RunTime:0.000018s ]
INFO: [ app_init ] --END-- [ RunTime:0.000457s ]
INFO: [ app_begin ] --START--
INFO: Run Behavior\ReadHtmlCacheBehavior [ RunTime:0.000537s ]
INFO: [ app_begin ] --END-- [ RunTime:0.000606s ]
NOTIC: [2] session_start() [<a href='function.session-start'>function.session-start</a>]: open(/tmp\sess_68gnmgmscu67r593cpgbfqerq7, O_RDWR) failed: No such file or directory (2) D:\itcast\ThinkPHP\ThinkPHP\Common\functions.php Á¨¨ 1263 Ë°å.
NOTIC: [2] file_get_contents() [<a href='function.file-get-contents'>function.file-get-contents</a>]: php_network_getaddresses: getaddrinfo failed: ≤ª÷™µ¿’‚—˘µƒ÷˜ª˙°£  D:\itcast\ThinkPHP\app\Home\Controller\PcController.class.php Á¨¨ 12 Ë°å.
NOTIC: [2] file_get_contents(http://sou.zhaopin.com/jobs/searchresult.ashx?jl=%E5%8C%97%E4%BA%AC&amp;kw=php&amp;p=1) [<a href='function.file-get-contents'>function.file-get-contents</a>]: failed to open stream: php_network_getaddresses: getaddrinfo failed: ≤ª÷™µ¿’‚—˘µƒ÷˜ª˙°£  D:\itcast\ThinkPHP\app\Home\Controller\PcController.class.php Á¨¨ 12 Ë°å.
NOTIC: [2] require(./phpQuery/phpQuery.php) [<a href='function.require'>function.require</a>]: failed to open stream: No such file or directory D:\itcast\ThinkPHP\app\Home\Controller\PcController.class.php Á¨¨ 14 Ë°å.

