[ 2017-06-18T10:54:24+08:00 ] 127.0.0.1 /favicon.ico
INFO: [ app_init ] --START--
INFO: Run Behavior\BuildLiteBehavior [ RunTime:0.000493s ]
INFO: [ app_init ] --END-- [ RunTime:0.002848s ]
ERR: æ— æ³•åŠ è½½æ¨¡å—:Favicon

[ 2017-06-18T11:10:33+08:00 ] 127.0.0.1 /testfor
INFO: [ app_init ] --START--
INFO: Run Behavior\BuildLiteBehavior [ RunTime:0.000220s ]
INFO: [ app_init ] --END-- [ RunTime:0.001869s ]
ERR: æ— æ³•åŠ è½½æ¨¡å—:Testfor

[ 2017-06-18T16:13:45+08:00 ] 127.0.0.1 /Public/new/css/base.css
INFO: [ app_init ] --START--
INFO: Run Behavior\BuildLiteBehavior [ RunTime:0.000020s ]
INFO: [ app_init ] --END-- [ RunTime:0.000455s ]
ERR: æ— æ³•åŠ è½½æ¨¡å—:Public

[ 2017-06-18T16:13:45+08:00 ] 127.0.0.1 /Public/new/css/header.css?v1.000
INFO: [ app_init ] --START--
INFO: Run Behavior\BuildLiteBehavior [ RunTime:0.000021s ]
INFO: [ app_init ] --END-- [ RunTime:0.000494s ]
ERR: æ— æ³•åŠ è½½æ¨¡å—:Public

[ 2017-06-18T16:13:45+08:00 ] 127.0.0.1 /Public/common/prettify/prettify.css
INFO: [ app_init ] --START--
INFO: Run Behavior\BuildLiteBehavior [ RunTime:0.000018s ]
INFO: [ app_init ] --END-- [ RunTime:0.000455s ]
ERR: æ— æ³•åŠ è½½æ¨¡å—:Public

Public

[ 2017-06-18T16:13:45+08:00 ] 127.0.0.1 /Public/new/css/img.css
INFO: [ app_init ] --START--
INFO: Run Behavior\BuildLiteBehavior [ RunTime:0.000021s ]
INFO: [ app_init ] --END-- [ RunTime:0.000654s ]
ERR: æ— æ³•åŠ è½½æ¨¡å—:Public

[ 2017-06-18T16:13:45+08:00 ] 127.0.0.1 /Public/new/css/module.css?v1.008
INFO: [ app_init ] --START--
INFO: Run Behavior\BuildLiteBehavior [ RunTime:0.000014s ]
INFO: [ app_init ] --END-- [ RunTime:0.000906s ]
ERR: æ— æ³•åŠ è½½æ¨¡å—:Public

[ 2017-06-18T16:13:45+08:00 ] 127.0.0.1 /Public/common/jquery-1.7.2.min.js
INFO: [ app_init ] --START--
INFO: Run Behavior\BuildLiteBehavior [ RunTime:0.000019s ]
INFO: [ app_init ] --END-- [ RunTime:0.000454s ]
ERR: æ— æ³•åŠ è½½æ¨¡å—:Public

[ 2017-06-18T16:13:45+08:00 ] 127.0.0.1 /Public/common/prettify/prettify.js
INFO: [ app_init ] --START--
INFO: Run Behavior\BuildLiteBehavior [ RunTime:0.000014s ]
INFO: [ app_init ] --END-- [ RunTime:0.000475s ]
ERR: æ— æ³•åŠ è½½æ¨¡å—:Public

[ 2017-06-18T16:13:45+08:00 ] 127.0.0.1 /Public/common/zclip/jquery.zclip.min.js
INFO: [ app_init ] --START--
INFO: Run Behavior\BuildLiteBehavior [ RunTime:0.000018s ]
INFO: [ app_init ] --END-- [ RunTime:0.000390s ]
ERR: æ— æ³•åŠ è½½æ¨¡å—:Public

[ 2017-06-18T16:13:45+08:00 ] 127.0.0.1 /Public/new/js/jquery.masonry.min.js
INFO: [ app_init ] --START--
INFO: Run Behavior\BuildLiteBehavior [ RunTime:0.000017s ]
INFO: [ app_init ] --END-- [ RunTime:0.000348s ]
ERR: æ— æ³•åŠ è½½æ¨¡å—:Public

[ 2017-06-18T16:13:45+08:00 ] 127.0.0.1 /Public/common/Validform_v5.3.2.js
INFO: [ app_init ] --START--
INFO: Run Behavior\BuildLiteBehavior [ RunTime:0.000013s ]
INFO: [ app_init ] --END-- [ RunTime:0.000502s ]
ERR: æ— æ³•åŠ è½½æ¨¡å—:Public

[ 2017-06-18T16:13:45+08:00 ] 127.0.0.1 /Public/common/ThinkBox/jquery.ThinkBox.min.js
INFO: [ app_init ] --START--
INFO: Run Behavior\BuildLiteBehavior [ RunTime:0.000018s ]
INFO: [ app_init ] --END-- [ RunTime:0.000549s ]
ERR: æ— æ³•åŠ è½½æ¨¡å—:Public

[ 2017-06-18T16:13:45+08:00 ] 127.0.0.1 /Public/new/js/common.js
INFO: [ app_init ] --START--
INFO: Run Behavior\BuildLiteBehavior [ RunTime:0.000015s ]
INFO: [ app_init ] --END-- [ RunTime:0.000406s ]
ERR: æ— æ³•åŠ è½½æ¨¡å—:Public

[ 2017-06-18T16:13:45+08:00 ] 127.0.0.1 /public/checkSyncLogin.html
INFO: [ app_init ] --START--
INFO: Run Behavior\BuildLiteBehavior [ RunTime:0.000019s ]
INFO: [ app_init ] --END-- [ RunTime:0.000451s ]
ERR: æ— æ³•åŠ è½½æ¨¡å—:Public

[ 2017-06-18T16:13:45+08:00 ] 127.0.0.1 /member/getInfo.html
INFO: [ app_init ] --START--
INFO: Run Behavior\BuildLiteBehavior [ RunTime:0.000014s ]
INFO: [ app_init ] --END-- [ RunTime:0.000439s ]
ERR: æ— æ³•åŠ è½½æ¨¡å—:Member

[ 2017-06-18T16:13:45+08:00 ] 127.0.0.1 /Public/common/zclip/jquery.zclip.min.js
INFO: [ app_init ] --START--
INFO: Run Behavior\BuildLiteBehavior [ RunTime:0.000014s ]
INFO: [ app_init ] --END-- [ RunTime:0.000696s ]
ERR: æ— æ³•åŠ è½½æ¨¡å—:Public

[ 2017-06-18T16:13:45+08:00 ] 127.0.0.1 /Public/common/ThinkBox/jquery.ThinkBox.min.js
INFO: [ app_init ] --START--
INFO: Run Behavior\BuildLiteBehavior [ RunTime:0.000019s ]
INFO: [ app_init ] --END-- [ RunTime:0.000535s ]
ERR: æ— æ³•åŠ è½½æ¨¡å—:Public

[ 2017-06-18T16:13:45+08:00 ] 127.0.0.1 /Public/common/Validform_v5.3.2.js
INFO: [ app_init ] --START--
INFO: Run Behavior\BuildLiteBehavior [ RunTime:0.000060s ]
INFO: [ app_init ] --END-- [ RunTime:0.000557s ]
ERR: æ— æ³•åŠ è½½æ¨¡å—:Public

[ 2017-06-18T16:13:45+08:00 ] 127.0.0.1 /Public/new/js/jquery.masonry.min.js
INFO: [ app_init ] --START--
INFO: Run Behavior\BuildLiteBehavior [ RunTime:0.000013s ]
INFO: [ app_init ] --END-- [ RunTime:0.000314s ]
ERR: æ— æ³•åŠ è½½æ¨¡å—:Public

[ 2017-06-18T16:13:45+08:00 ] 127.0.0.1 /Public/new/js/common.js
INFO: [ app_init ] --START--
INFO: Run Behavior\BuildLiteBehavior [ RunTime:0.000012s ]
INFO: [ app_init ] --END-- [ RunTime:0.000308s ]
ERR: æ— æ³•åŠ è½½æ¨¡å—:Public

[ 2017-06-18T16:13:45+08:00 ] 127.0.0.1 /public/checkSyncLogin.html
INFO: [ app_init ] --START--
INFO: Run Behavior\BuildLiteBehavior [ RunTime:0.000014s ]
INFO: [ app_init ] --END-- [ RunTime:0.000367s ]
ERR: æ— æ³•åŠ è½½æ¨¡å—:Public

[ 2017-06-18T16:13:45+08:00 ] 127.0.0.1 /member/getInfo.html
INFO: [ app_init ] --START--
INFO: Run Behavior\BuildLiteBehavior [ RunTime:0.000014s ]
INFO: [ app_init ] --END-- [ RunTime:0.000368s ]
ERR: æ— æ³•åŠ è½½æ¨¡å—:Member

•åŠ è½½æ¨¡å—:Uploads

[ 2017-06-18T16:13:47+08:00 ] 127.0.0.1 /Public/favicon.ico
INFO: [ app_init ] --START--
INFO: Run Behavior\BuildLiteBehavior [ RunTime:0.000011s ]
INFO: [ app_init ] --END-- [ RunTime:0.000305s ]
ERR: æ— æ³•åŠ è½½æ¨¡å—:Public

